2026-02-06 15:29:29|   0.0|  0.0|INFORM|FME 2021.1.0.1 (20210720 - Build 21614 - WIN64)
2026-02-06 15:29:29|   0.0|  0.0|INFORM|FME_HOME is 'C:\Program Files\FME\'
2026-02-06 15:29:29|   0.0|  0.0|INFORM|FME for February (node locked-crc)
2026-02-06 15:29:29|   0.0|  0.0|INFORM|Serial Number: 0
2026-02-06 15:29:29|   0.0|  0.0|INFORM|Temporary License: 24 days left.
2026-02-06 15:29:29|   0.0|  0.0|INFORM|Machine host name is: UL200013722
2026-02-06 15:29:29|   0.0|  0.0|INFORM|Locale: fr_FR
2026-02-06 15:29:29|   0.0|  0.0|INFORM|System Encoding: windows-1252
2026-02-06 15:29:29|   0.0|  0.0|INFORM|FME Configuration: FME_BASE is 'no'
2026-02-06 15:29:29|   0.0|  0.0|INFORM|FME Configuration: FME_MF_DIR is 'C:\Users\niherman\Documents\git_3d\3D_app_M2_cesium/'
2026-02-06 15:29:29|   0.0|  0.0|INFORM|FME Configuration: FME_MF_NAME is 'citygml_ogcgeopackage2cesium3dtiles.fmw'
2026-02-06 15:29:29|   0.0|  0.0|INFORM|FME Configuration: FME_PRODUCT_NAME is 'FME(R) 2021.1.0.1'
2026-02-06 15:29:29|   0.0|  0.0|INFORM|Operating System: Microsoft Windows 10 64-bit  (Build 22631)
2026-02-06 15:29:29|   0.0|  0.0|INFORM|FME Platform: WIN64
2026-02-06 15:29:29|   0.0|  0.0|INFORM|System Status: 580.12 GB of disk space available in the FME temporary folder (C:\Users\niherman\AppData\Local\Temp\wbrun_1770386098785_1252\fmetmp_3)
2026-02-06 15:29:29|   0.0|  0.0|INFORM|System Status: 31.70 GB of physical memory available
2026-02-06 15:29:29|   0.0|  0.0|INFORM|System Status: 126.78 GB of virtual memory available
2026-02-06 15:29:29|   0.0|  0.0|INFORM|START - ProcessID: 25032, peak process memory usage: 44796 kB, current process memory usage: 44796 kB
2026-02-06 15:29:29|   0.0|  0.0|INFORM|FME Configuration: Command line arguments are `C:\Program Files\FME\fme.exe' `C:/Users/niherman/Documents/git_3d/3D_app_M2_cesium\wb-xlate-1770388155092_1252' `LOG_STANDARDOUT' `YES' `LogCountServerName' `{305ec3ff-66dc-44f7-87a8-25c2342886a1}'
2026-02-06 15:29:29|   0.0|  0.0|INFORM|FME Configuration: Connection Storage: 'C:\Users\niherman\AppData\Roaming\Safe Software\FME\'
2026-02-06 15:29:29|   0.0|  0.0|INFORM|Shared folders for formats are : C:\Program Files\FME\datasources;C:\Users\niherman\Documents\FME\Formats
2026-02-06 15:29:29|   0.0|  0.0|INFORM|Shared folders for transformers are : C:\Users\niherman\AppData\Roaming\Safe Software\FME\Packages\21614-win64\transformers;C:\Program Files\FME\transformers
2026-02-06 15:29:29|   0.0|  0.0|INFORM|Shared folders for coordinate systems are : C:\Users\niherman\Documents\FME\CoordinateSystems
2026-02-06 15:29:29|   0.0|  0.0|INFORM|Shared folders for coordinate system exceptions are : C:\Users\niherman\Documents\FME\CoordinateSystemExceptions
2026-02-06 15:29:29|   0.0|  0.0|INFORM|Shared folders for coordinate system grid overrides are : C:\Users\niherman\Documents\FME\CoordinateSystemGridOverrides
2026-02-06 15:29:29|   0.0|  0.0|INFORM|Shared folders for CS-MAP transformation exceptions are : C:\Users\niherman\Documents\FME\CsmapTransformationExceptions
2026-02-06 15:29:29|   0.0|  0.0|INFORM|Shared folders for transformer categories are : C:\Users\niherman\Documents\FME\TransformerCategories
2026-02-06 15:29:29|   0.0|  0.0|INFORM|FME Configuration: Reader Keyword is `MULTI_READER'
2026-02-06 15:29:29|   0.0|  0.0|INFORM|FME Configuration: Writer Keyword is `MULTI_WRITER'
2026-02-06 15:29:29|   0.0|  0.0|INFORM|FME Configuration: Writer Group Definition Keyword is `MULTI_WRITER_DEF'
2026-02-06 15:29:29|   0.0|  0.0|INFORM|FME Configuration: Reader type is `MULTI_READER'
2026-02-06 15:29:29|   0.0|  0.0|INFORM|FME Configuration: Writer type is `MULTI_WRITER'
2026-02-06 15:29:29|   0.0|  0.0|INFORM|FME Configuration: No destination coordinate system set
2026-02-06 15:29:29|   0.0|  0.0|INFORM|FME Configuration: Current working folder is `C:\Users\niherman\Documents\git_3d\3D_app_M2_cesium'
2026-02-06 15:29:29|   0.0|  0.0|INFORM|FME Configuration: Temporary folder is `C:\Users\niherman\AppData\Local\Temp\wbrun_1770386098785_1252\fmetmp_3', set from environment variable `FME_TEMP'
2026-02-06 15:29:29|   0.0|  0.0|INFORM|FME Configuration: Cache folder is 'C:\Users\niherman\AppData\Local\Temp'
2026-02-06 15:29:29|   0.0|  0.0|INFORM|FME Configuration: FME_HOME is `C:\Program Files\FME\'
2026-02-06 15:29:29|   0.0|  0.0|INFORM|FME Configuration: Start freeing memory when the process exceeds 95.09 GB
2026-02-06 15:29:29|   0.0|  0.0|INFORM|FME Configuration: Stop freeing memory when the process is below 71.32 GB
2026-02-06 15:29:29|   0.0|  0.0|INFORM|Creating writer for format: 
2026-02-06 15:29:29|   0.0|  0.0|INFORM|Creating reader for format: 
2026-02-06 15:29:29|   0.0|  0.0|INFORM|MULTI_READER(MULTI_READER): Will fail with first member reader failure
2026-02-06 15:29:29|   0.0|  0.0|INFORM|Using Multi Reader with keyword `MULTI_READER' to read multiple datasets
2026-02-06 15:29:29|   0.0|  0.0|INFORM|Using MultiWriter with keyword `MULTI_WRITER' to output data (ID_ATTRIBUTE is `multi_writer_id')
2026-02-06 15:29:29|   0.0|  0.0|INFORM|Writer output will be ordered by value of multi_writer_id
2026-02-06 15:29:29|   0.0|  0.0|INFORM|Loaded module 'LogCount_func' from file 'C:\Program Files\FME\plugins/LogCount_func.dll'
2026-02-06 15:29:29|   0.0|  0.0|INFORM|FME API version of module 'LogCount_func' matches current internal version (3.8 20210302)
2026-02-06 15:29:29|   0.0|  0.0|INFORM|Loaded module 'GQueryFactory' from file 'C:\Program Files\FME\plugins/GQueryFactory.dll'
2026-02-06 15:29:29|   0.0|  0.0|INFORM|FME API version of module 'GQueryFactory' matches current internal version (3.8 20210302)
2026-02-06 15:29:29|   0.0|  0.0|INFORM|Loaded module 'TransformPointCloud_func' from file 'C:\Program Files\FME\plugins/TransformPointCloud_func.dll'
2026-02-06 15:29:29|   0.0|  0.0|INFORM|FME API version of module 'TransformPointCloud_func' matches current internal version (3.8 20210302)
2026-02-06 15:29:29|   0.0|  0.0|INFORM|Emptying factory pipeline
2026-02-06 15:29:29|   0.0|  0.0|STATS |Router and Unexpected Input Remover (RoutingFactory): Tested 0 input feature(s), wrote 0 output feature(s): 0 matched merge filters, 0 were routed to output, 0 could not be routed.
2026-02-06 15:29:29|   0.0|  0.0|STATS |Unexpected Input Remover Nuker (TeeFactory): Cloned 0 input feature(s) into 0 output feature(s)
2026-02-06 15:29:29|   0.0|  0.0|STATS |WallSurface_CITYGML_1 Splitter (TeeFactory): Cloned 0 input feature(s) into 0 output feature(s)
2026-02-06 15:29:29|   0.0|  0.0|STATS |RoofSurface_CITYGML_1 Splitter (TeeFactory): Cloned 0 input feature(s) into 0 output feature(s)
2026-02-06 15:29:29|   0.0|  0.0|STATS |GroundSurface_CITYGML_1 Splitter (TeeFactory): Cloned 0 input feature(s) into 0 output feature(s)
2026-02-06 15:29:29|   0.0|  0.0|STATS |batiment_OGCGEOPACKAGE_2 Splitter (TeeFactory): Cloned 0 input feature(s) into 0 output feature(s)
2026-02-06 15:29:29|   0.0|  0.0|STATS |reprojet_OGCGEOPACKAGE_1 Splitter (TeeFactory): Cloned 0 input feature(s) into 0 output feature(s)
2026-02-06 15:29:31|   0.3|  0.3|STATS |Restoring 1 feature(s) from FME feature store file `C:\Users\niherman\AppData\Local\Temp\wb-cache-citygml_ogcgeopackage2cesium3dti-QNekNF\Main_FeatureJoiner -1 33 fo 0 JOINED  0  739165414af7b313a24ffe94108606bde86fbd2f.ffs'
2026-02-06 15:29:31|   0.3|  0.0|INFORM|AppearanceRemover (GQueryFactory): Splitting bulk features into individual features
2026-02-06 15:29:31|   0.3|  0.0|STATS |Storing feature(s) to FME feature store file `C:\Users\niherman\AppData\Local\Temp\wb-cache-citygml_ogcgeopackage2cesium3dti-QNekNF\Main_AppearanceRemover -1 40 fo 0 OUTPUT  0  c8ed9ffb0f5f858778dc9378d664a9beb6e59549.ffsupdating'
2026-02-06 15:29:31|   0.3|  0.0|STATS |Storing feature(s) to FME feature store file `C:\Users\niherman\AppData\Local\Temp\wb-cache-citygml_ogcgeopackage2cesium3dti-QNekNF\Main_Offsetter -1 28 fo 0 OFFSET  0  b6bdbc218ef62e3605e9dcb4e30312b343030905.ffsupdating'
2026-02-06 15:29:31|   0.3|  0.0|INFORM|Creating writer for format: Cesium 3D Tiles
2026-02-06 15:29:31|   0.3|  0.0|INFORM|Trying to find a DYNAMIC plugin for writer named `CESIUM3DTILES'
2026-02-06 15:29:31|   0.3|  0.0|INFORM|Loaded module 'CESIUM3DTILES' from file 'C:\Program Files\FME\plugins/CESIUM3DTILES.dll'
2026-02-06 15:29:31|   0.3|  0.0|INFORM|FME API version of module 'CESIUM3DTILES' matches current internal version (3.8 20210302)
2026-02-06 15:29:31|   0.3|  0.0|INFORM|FME Configuration: No destination coordinate system set
2026-02-06 15:29:31|   0.3|  0.0|INFORM|FME API version of module 'CESIUM3DTILES' matches current internal version (3.8 20210302)
2026-02-06 15:29:31|   0.3|  0.0|INFORM|Writer `CESIUM3DTILES_1' of type `CESIUM3DTILES' using group definition keyword `CESIUM3DTILES_1_DEF'
2026-02-06 15:29:31|   0.3|  0.0|INFORM|FME API version of module 'CESIUM3DTILES' matches current internal version (3.8 20210302)
2026-02-06 15:29:31|   0.3|  0.0|INFORM|(CESIUM3DTILES_1) Opening a Cesium 3D Tiles writer with dataset 'C:\Users\niherman\Documents\git_3d\3D_app_M2_cesium\webpack-5\public\output_francheville_batie'
2026-02-06 15:29:31|   0.3|  0.0|INFORM|FME Configuration: Using FME Reprojection Engine
2026-02-06 15:29:31|   0.3|  0.0|INFORM|CS-MAP Reprojector: Transformation will be automatically selected for 'EPSG:3946' -> 'EPSG:4978', and is not guaranteed to remain the same in future releases of FME
2026-02-06 15:29:31|   0.3|  0.0|INFORM|Reprojector: Using transformation `RGF93_to_WGS84,Forward(Null,EPSG:1671)' when reprojecting from EPSG:3946 to EPSG:4978
2026-02-06 15:29:36|   2.0|  1.7|INFORM|AppearanceRemover (GQueryFactory): Processed 19234 of 59296 features
2026-02-06 15:29:41|   3.7|  1.7|INFORM|AppearanceRemover (GQueryFactory): Processed 39485 of 59296 features
2026-02-06 15:29:46|   5.5|  1.8|INFORM|AppearanceRemover (GQueryFactory): Processed 59296 of 59296 features
2026-02-06 15:29:46|   5.5|  0.0|INFORM|FeatureJoiner_JOINED_-1_41_Player (RecorderFactory): Played back 59296 feature(s) from file `C:\Users\niherman\AppData\Local\Temp\wb-cache-citygml_ogcgeopackage2cesium3dti-QNekNF\Main_FeatureJoiner -1 33 fo 0 JOINED  0  739165414af7b313a24ffe94108606bde86fbd2f.ffs'
2026-02-06 15:29:46|   5.5|  0.0|STATS |AppearanceRemover_OUTPUT Feature Counter -1 42 (TeeFactory): Cloned 59296 input feature(s) into 59296 output feature(s)
2026-02-06 15:29:46|   5.5|  0.0|STATS |AppearanceRemover_UNMATCHED Feature Counter -1 2147680296 (TeeFactory): Cloned 0 input feature(s) into 0 output feature(s)
2026-02-06 15:29:46|   5.5|  0.0|STATS |AppearanceRemover_<REJECTED> Feature Counter -1 2147745832 (TeeFactory): Cloned 0 input feature(s) into 0 output feature(s)
2026-02-06 15:29:46|   5.5|  0.0|STATS |AppearanceRemover_<Rejected> (TeeFactory): Cloned 0 input feature(s) into 0 output feature(s)
2026-02-06 15:29:46|   5.5|  0.0|STATS |Offsetter_OffsetterInput (TeeFactory): Cloned 59296 input feature(s) into 59296 output feature(s)
2026-02-06 15:29:46|   5.5|  0.0|STATS |Offsetter_Offsetter (TeeFactory): Cloned 59296 input feature(s) into 59296 output feature(s)
2026-02-06 15:29:46|   5.5|  0.0|STATS |Offsetter_Rejector (TestFactory): Tested 59296 input feature(s) -- 0 feature(s) passed and 59296 feature(s) failed
2026-02-06 15:29:46|   5.5|  0.0|STATS |Offsetter_PointCloudOffsetter (TestFactory): Tested 59296 input feature(s) -- 0 feature(s) passed and 59296 feature(s) failed
2026-02-06 15:29:46|   5.5|  0.0|STATS |Stored 59296 feature(s) to FME feature store file `C:\Users\niherman\AppData\Local\Temp\wb-cache-citygml_ogcgeopackage2cesium3dti-QNekNF\Main_AppearanceRemover -1 40 fo 0 OUTPUT  0  c8ed9ffb0f5f858778dc9378d664a9beb6e59549.ffsupdating'
2026-02-06 15:29:46|   5.5|  0.0|INFORM|Saving spatial index into file 'C:\Users\niherman\AppData\Local\Temp\wb-cache-citygml_ogcgeopackage2cesium3dti-QNekNF\Main_AppearanceRemover -1 40 fo 0 OUTPUT  0  c8ed9ffb0f5f858778dc9378d664a9beb6e59549.fsi'
2026-02-06 15:29:46|   5.5|  0.0|INFORM|Finished saving spatial index into file 'C:\Users\niherman\AppData\Local\Temp\wb-cache-citygml_ogcgeopackage2cesium3dti-QNekNF\Main_AppearanceRemover -1 40 fo 0 OUTPUT  0  c8ed9ffb0f5f858778dc9378d664a9beb6e59549.fsi'
2026-02-06 15:29:46|   5.5|  0.0|STATS |Stored 59296 feature(s) to FME feature store file `C:\Users\niherman\AppData\Local\Temp\wb-cache-citygml_ogcgeopackage2cesium3dti-QNekNF\Main_Offsetter -1 28 fo 0 OFFSET  0  b6bdbc218ef62e3605e9dcb4e30312b343030905.ffsupdating'
2026-02-06 15:29:46|   5.5|  0.0|INFORM|Saving spatial index into file 'C:\Users\niherman\AppData\Local\Temp\wb-cache-citygml_ogcgeopackage2cesium3dti-QNekNF\Main_Offsetter -1 28 fo 0 OFFSET  0  b6bdbc218ef62e3605e9dcb4e30312b343030905.fsi'
2026-02-06 15:29:46|   5.5|  0.0|INFORM|Finished saving spatial index into file 'C:\Users\niherman\AppData\Local\Temp\wb-cache-citygml_ogcgeopackage2cesium3dti-QNekNF\Main_Offsetter -1 28 fo 0 OFFSET  0  b6bdbc218ef62e3605e9dcb4e30312b343030905.fsi'
2026-02-06 15:29:46|   5.5|  0.0|STATS |Offsetter_OFFSET Feature Counter -1 39 (TeeFactory): Cloned 59296 input feature(s) into 59296 output feature(s)
2026-02-06 15:29:46|   5.5|  0.0|STATS |Offsetter_<REJECTED> Feature Counter -1 2147680284 (TeeFactory): Cloned 0 input feature(s) into 0 output feature(s)
2026-02-06 15:29:46|   5.5|  0.0|STATS |Offsetter_<Rejected> (TeeFactory): Cloned 0 input feature(s) into 0 output feature(s)
2026-02-06 15:29:46|   5.5|  0.0|STATS |Destination Feature Type Routing Correlator (RoutingFactory): Tested 59296 input feature(s), wrote 59296 output feature(s): 0 matched merge filters, 59296 were routed to output, 0 could not be routed.
2026-02-06 15:29:46|   5.5|  0.0|STATS |Final Output Nuker (TeeFactory): Cloned 0 input feature(s) into 0 output feature(s)
2026-02-06 15:29:46|   5.5|  0.0|INFORM|(CESIUM3DTILES_1) Closing the Cesium 3D Tiles writer with dataset 'C:\Users\niherman\Documents\git_3d\3D_app_M2_cesium\webpack-5\public\output_francheville_batie'
2026-02-06 15:29:46|   5.5|  0.0|INFORM|(CESIUM3DTILES_1) Finishing writing 3D tileset for feature type 'output_francheville_batie'
2026-02-06 15:29:46|   5.5|  0.0|INFORM|Creating writer for format: Cesium Batched 3D Model (B3DM)
2026-02-06 15:29:46|   5.5|  0.0|INFORM|Trying to find a DYNAMIC plugin for writer named `B3DM'
2026-02-06 15:29:46|   5.5|  0.0|INFORM|Loaded module 'B3DM' from file 'C:\Program Files\FME\plugins/GLTF.dll'
2026-02-06 15:29:46|   5.5|  0.0|INFORM|FME API version of module 'B3DM' matches current internal version (3.8 20210302)
2026-02-06 15:29:46|   5.5|  0.0|INFORM|FME Configuration: No destination coordinate system set
2026-02-06 15:29:46|   5.5|  0.0|INFORM|FME API version of module 'B3DM' matches current internal version (3.8 20210302)
2026-02-06 15:29:46|   5.5|  0.0|INFORM|FME API version of module 'B3DM' matches current internal version (3.8 20210302)
2026-02-06 15:29:46|   5.5|  0.0|INFORM|(W_2) Opening a b3dm writer with dataset 'C:\Users\niherman\Documents\git_3d\3D_app_M2_cesium\webpack-5\public\output_francheville_batie\output_francheville_batie\data'
2026-02-06 15:29:46|   5.5|  0.0|INFORM|FME Configuration: Destination coordinate system set to input coordinate system `EPSG:3946'
2026-02-06 15:30:00|   7.0|  1.5|INFORM|=-=-=-=-=-=-=-=-=-=-=-=-=-=-=-=-=-=-=-=-=-=-=-=-=-=-=-=-=-=-=-=-=-=-=-=-=-=-=-
2026-02-06 15:30:00|   7.0|  0.0|INFORM|Feature output statistics for `CESIUM3DTILES' writer using keyword `CESIUM3DTILES_1':
2026-02-06 15:30:00|   7.0|  0.0|STATS |=-=-=-=-=-=-=-=-=-=-=-=-=-=-=-=-=-=-=-=-=-=-=-=-=-=-=-=-=-=-=-=-=-=-=-=-=-=-=-
2026-02-06 15:30:00|   7.0|  0.0|STATS |                               Features Written
2026-02-06 15:30:00|   7.0|  0.0|STATS |=-=-=-=-=-=-=-=-=-=-=-=-=-=-=-=-=-=-=-=-=-=-=-=-=-=-=-=-=-=-=-=-=-=-=-=-=-=-=-
2026-02-06 15:30:00|   7.0|  0.0|STATS |output_francheville_batie                                                59296
2026-02-06 15:30:00|   7.0|  0.0|STATS |==============================================================================
2026-02-06 15:30:00|   7.0|  0.0|STATS |Total Features Written                                                   59296
2026-02-06 15:30:00|   7.0|  0.0|STATS |=-=-=-=-=-=-=-=-=-=-=-=-=-=-=-=-=-=-=-=-=-=-=-=-=-=-=-=-=-=-=-=-=-=-=-=-=-=-=-
2026-02-06 15:30:00|   7.0|  0.0|STATS |=-=-=-=-=-=-=-=-=-=-=-=-=-=-=-=-=-=-=-=-=-=-=-=-=-=-=-=-=-=-=-=-=-=-=-=-=-=-=-
2026-02-06 15:30:00|   7.0|  0.0|STATS |                            Features Read Summary
2026-02-06 15:30:00|   7.0|  0.0|STATS |=-=-=-=-=-=-=-=-=-=-=-=-=-=-=-=-=-=-=-=-=-=-=-=-=-=-=-=-=-=-=-=-=-=-=-=-=-=-=-
2026-02-06 15:30:00|   7.0|  0.0|STATS |==============================================================================
2026-02-06 15:30:00|   7.0|  0.0|STATS |Total Features Read                                                          0
2026-02-06 15:30:00|   7.0|  0.0|STATS |=-=-=-=-=-=-=-=-=-=-=-=-=-=-=-=-=-=-=-=-=-=-=-=-=-=-=-=-=-=-=-=-=-=-=-=-=-=-=-
2026-02-06 15:30:00|   7.0|  0.0|STATS |=-=-=-=-=-=-=-=-=-=-=-=-=-=-=-=-=-=-=-=-=-=-=-=-=-=-=-=-=-=-=-=-=-=-=-=-=-=-=-
2026-02-06 15:30:00|   7.0|  0.0|STATS |                           Features Written Summary
2026-02-06 15:30:00|   7.0|  0.0|STATS |=-=-=-=-=-=-=-=-=-=-=-=-=-=-=-=-=-=-=-=-=-=-=-=-=-=-=-=-=-=-=-=-=-=-=-=-=-=-=-
2026-02-06 15:30:00|   7.0|  0.0|STATS |output_francheville_batie                                                59296
2026-02-06 15:30:00|   7.0|  0.0|STATS |==============================================================================
2026-02-06 15:30:00|   7.0|  0.0|STATS |Total Features Written                                                   59296
2026-02-06 15:30:00|   7.0|  0.0|STATS |=-=-=-=-=-=-=-=-=-=-=-=-=-=-=-=-=-=-=-=-=-=-=-=-=-=-=-=-=-=-=-=-=-=-=-=-=-=-=-
2026-02-06 15:30:00|   7.0|  0.0|WARN  |-~-~-~-~-~-~-~-~-~-~-~-~-~-~-~-~-~-~-~-~-~-~-~-~-~-~-~-~-~-~-~-~-~-~-~-~-~-~-~-~-
2026-02-06 15:30:00|   7.0|  0.0|WARN  |-~                                                                             ~-
2026-02-06 15:30:00|   7.0|  0.0|WARN  |-~    Feature caches have been recorded at every stage of the translation.     ~-
2026-02-06 15:30:00|   7.0|  0.0|WARN  |-~                      To inspect the recorded features,                      ~-
2026-02-06 15:30:00|   7.0|  0.0|WARN  |-~              click the feature cache icons next to the ports.               ~-
2026-02-06 15:30:00|   7.0|  0.0|WARN  |-~                                                                             ~-
2026-02-06 15:30:00|   7.0|  0.0|WARN  |-~-~-~-~-~-~-~-~-~-~-~-~-~-~-~-~-~-~-~-~-~-~-~-~-~-~-~-~-~-~-~-~-~-~-~-~-~-~-~-~-
2026-02-06 15:30:00|   7.0|  0.0|INFORM|Translation was SUCCESSFUL with 7 warning(s) (59296 feature(s) output)
2026-02-06 15:30:00|   7.0|  0.0|INFORM|FME Session Duration: 31.2 seconds. (CPU: 5.8s user, 1.2s system)
2026-02-06 15:30:00|   7.0|  0.0|INFORM|END - ProcessID: 25032, peak process memory usage: 461904 kB, current process memory usage: 113024 kB
