2026-02-06 16:45:04|   0.0|  0.0|INFORM|FME 2021.1.0.1 (20210720 - Build 21614 - WIN64)
2026-02-06 16:45:04|   0.0|  0.0|INFORM|FME_HOME is 'C:\Program Files\FME\'
2026-02-06 16:45:04|   0.0|  0.0|INFORM|FME for February (node locked-crc)
2026-02-06 16:45:04|   0.0|  0.0|INFORM|Serial Number: 0
2026-02-06 16:45:04|   0.0|  0.0|INFORM|Temporary License: 24 days left.
2026-02-06 16:45:04|   0.0|  0.0|INFORM|Machine host name is: UL200013722
2026-02-06 16:45:04|   0.0|  0.0|INFORM|Locale: fr_FR
2026-02-06 16:45:04|   0.0|  0.0|INFORM|System Encoding: windows-1252
2026-02-06 16:45:04|   0.0|  0.0|INFORM|FME Configuration: FME_BASE is 'no'
2026-02-06 16:45:04|   0.0|  0.0|INFORM|FME Configuration: FME_MF_DIR is 'C:\Users\niherman\Documents\git_3d\3D_app_M2_cesium/'
2026-02-06 16:45:04|   0.0|  0.0|INFORM|FME Configuration: FME_MF_NAME is 'copy.fmw'
2026-02-06 16:45:04|   0.0|  0.0|INFORM|FME Configuration: FME_PRODUCT_NAME is 'FME(R) 2021.1.0.1'
2026-02-06 16:45:04|   0.0|  0.0|INFORM|Operating System: Microsoft Windows 10 64-bit  (Build 22631)
2026-02-06 16:45:04|   0.0|  0.0|INFORM|FME Platform: WIN64
2026-02-06 16:45:04|   0.0|  0.0|INFORM|System Status: 591.03 GB of disk space available in the FME temporary folder (C:\Users\niherman\AppData\Local\Temp\wbrun_1770392629192_27412\fmetmp_1)
2026-02-06 16:45:04|   0.0|  0.0|INFORM|System Status: 31.70 GB of physical memory available
2026-02-06 16:45:04|   0.0|  0.0|INFORM|System Status: 126.78 GB of virtual memory available
2026-02-06 16:45:04|   0.0|  0.0|INFORM|START - ProcessID: 24276, peak process memory usage: 45084 kB, current process memory usage: 45084 kB
2026-02-06 16:45:04|   0.0|  0.0|INFORM|FME Configuration: Command line arguments are `C:\Program Files\FME\fme.exe' `C:/Users/niherman/Documents/git_3d/3D_app_M2_cesium\wb-xlate-1770392695892_27412' `LOG_STANDARDOUT' `YES' `LogCountServerName' `{3528dee9-342f-460a-8113-6e59df662b82}'
2026-02-06 16:45:04|   0.0|  0.0|INFORM|FME Configuration: Connection Storage: 'C:\Users\niherman\AppData\Roaming\Safe Software\FME\'
2026-02-06 16:45:04|   0.0|  0.0|INFORM|Shared folders for formats are : C:\Program Files\FME\datasources;C:\Users\niherman\Documents\FME\Formats
2026-02-06 16:45:04|   0.0|  0.0|INFORM|Shared folders for transformers are : C:\Users\niherman\AppData\Roaming\Safe Software\FME\Packages\21614-win64\transformers;C:\Program Files\FME\transformers
2026-02-06 16:45:04|   0.0|  0.0|INFORM|Shared folders for coordinate systems are : C:\Users\niherman\Documents\FME\CoordinateSystems
2026-02-06 16:45:04|   0.0|  0.0|INFORM|Shared folders for coordinate system exceptions are : C:\Users\niherman\Documents\FME\CoordinateSystemExceptions
2026-02-06 16:45:04|   0.0|  0.0|INFORM|Shared folders for coordinate system grid overrides are : C:\Users\niherman\Documents\FME\CoordinateSystemGridOverrides
2026-02-06 16:45:04|   0.0|  0.0|INFORM|Shared folders for CS-MAP transformation exceptions are : C:\Users\niherman\Documents\FME\CsmapTransformationExceptions
2026-02-06 16:45:04|   0.0|  0.0|INFORM|Shared folders for transformer categories are : C:\Users\niherman\Documents\FME\TransformerCategories
2026-02-06 16:45:04|   0.0|  0.0|INFORM|FME Configuration: Reader Keyword is `MULTI_READER'
2026-02-06 16:45:04|   0.0|  0.0|INFORM|FME Configuration: Writer Keyword is `MULTI_WRITER'
2026-02-06 16:45:04|   0.0|  0.0|INFORM|FME Configuration: Writer Group Definition Keyword is `MULTI_WRITER_DEF'
2026-02-06 16:45:04|   0.0|  0.0|INFORM|FME Configuration: Reader type is `MULTI_READER'
2026-02-06 16:45:04|   0.0|  0.0|INFORM|FME Configuration: Writer type is `MULTI_WRITER'
2026-02-06 16:45:04|   0.0|  0.0|INFORM|FME Configuration: No destination coordinate system set
2026-02-06 16:45:04|   0.0|  0.0|INFORM|FME Configuration: Current working folder is `C:\Users\niherman\Documents\git_3d\3D_app_M2_cesium'
2026-02-06 16:45:04|   0.0|  0.0|INFORM|FME Configuration: Temporary folder is `C:\Users\niherman\AppData\Local\Temp\wbrun_1770392629192_27412\fmetmp_1', set from environment variable `FME_TEMP'
2026-02-06 16:45:04|   0.0|  0.0|INFORM|FME Configuration: Cache folder is 'C:\Users\niherman\AppData\Local\Temp'
2026-02-06 16:45:04|   0.0|  0.0|INFORM|FME Configuration: FME_HOME is `C:\Program Files\FME\'
2026-02-06 16:45:04|   0.0|  0.0|INFORM|FME Configuration: Start freeing memory when the process exceeds 95.09 GB
2026-02-06 16:45:04|   0.0|  0.0|INFORM|FME Configuration: Stop freeing memory when the process is below 71.32 GB
2026-02-06 16:45:05|   0.0|  0.0|INFORM|Creating writer for format: 
2026-02-06 16:45:05|   0.0|  0.0|INFORM|Creating reader for format: 
2026-02-06 16:45:05|   0.0|  0.0|INFORM|MULTI_READER(MULTI_READER): Will fail with first member reader failure
2026-02-06 16:45:05|   0.0|  0.0|INFORM|MULTI_READER(MULTI_READER): Adding OGCGEOPACKAGE Reader with keyword OGCGEOPACKAGE_1
2026-02-06 16:45:05|   0.0|  0.0|INFORM|MULTI_READER(MULTI_READER): Adding CITYGML Reader with keyword CITYGML_2
2026-02-06 16:45:05|   0.0|  0.0|INFORM|Using Multi Reader with keyword `MULTI_READER' to read multiple datasets
2026-02-06 16:45:05|   0.0|  0.0|INFORM|Creating reader for format: OGC GeoPackage
2026-02-06 16:45:05|   0.0|  0.0|INFORM|Trying to find a DYNAMIC plugin for reader named `OGCGEOPACKAGE'
2026-02-06 16:45:05|   0.0|  0.0|INFORM|Loaded module 'OGCGEOPACKAGE' from file 'C:\Program Files\FME\plugins/gdal/GDAL.dll'
2026-02-06 16:45:05|   0.0|  0.0|INFORM|FME API version of module 'OGCGEOPACKAGE' matches current internal version (3.8 20210302)
2026-02-06 16:45:05|   0.0|  0.0|INFORM|OGCGEOPACKAGE reader: Directive '_EXPOSE_PRIMARY_KEY_ATTRIBUTE' has value 'YES'
2026-02-06 16:45:05|   0.0|  0.0|INFORM|OGCGEOPACKAGE reader: Directive '_ENFORCE_FOREIGN_KEY_INTEGRITY' has value 'YES'
2026-02-06 16:45:05|   0.0|  0.0|INFORM|OGCGEOPACKAGE reader: Opening file 'C:\Users\niherman\Downloads\bati_francheville.gpkg'
2026-02-06 16:45:05|   0.0|  0.0|INFORM|Using MultiWriter with keyword `MULTI_WRITER' to output data (ID_ATTRIBUTE is `multi_writer_id')
2026-02-06 16:45:05|   0.0|  0.0|INFORM|Writer output will be ordered by value of multi_writer_id
2026-02-06 16:45:05|   0.0|  0.0|INFORM|Loaded module 'LogCount_func' from file 'C:\Program Files\FME\plugins/LogCount_func.dll'
2026-02-06 16:45:05|   0.0|  0.0|INFORM|FME API version of module 'LogCount_func' matches current internal version (3.8 20210302)
2026-02-06 16:45:05|   0.0|  0.0|INFORM|FME Configuration: Using FME Reprojection Engine
2026-02-06 16:45:05|   0.0|  0.0|INFORM|Loaded module 'FeatureJoinerFactory' from file 'C:\Program Files\FME\plugins/FeatureJoinerFactory.dll'
2026-02-06 16:45:05|   0.0|  0.0|INFORM|FME API version of module 'FeatureJoinerFactory' matches current internal version (3.8 20210302)
2026-02-06 16:45:05|   0.0|  0.0|INFORM|Loaded module 'GQueryFactory' from file 'C:\Program Files\FME\plugins/GQueryFactory.dll'
2026-02-06 16:45:05|   0.0|  0.0|INFORM|FME API version of module 'GQueryFactory' matches current internal version (3.8 20210302)
2026-02-06 16:45:05|   0.0|  0.0|INFORM|Loaded module 'TransformPointCloud_func' from file 'C:\Program Files\FME\plugins/TransformPointCloud_func.dll'
2026-02-06 16:45:05|   0.0|  0.0|INFORM|FME API version of module 'TransformPointCloud_func' matches current internal version (3.8 20210302)
2026-02-06 16:45:05|   0.0|  0.0|INFORM|The EPSG number of the FME coordinate system 'Lambert93' is '2154'
2026-02-06 16:45:05|   0.0|  0.0|INFORM|FME Configuration: Source coordinate system for reader OGCGEOPACKAGE_1[OGCGEOPACKAGE] set to `Lambert93' as read from input data
2026-02-06 16:45:05|   0.0|  0.0|INFORM|Coordinate System `Lambert93' parameters: CS_NAME=`Lambert93' DESC_NM=`Lambert-93 with RGF93 datum, whole country' DT_NAME=`RGF93' EPSG_QD=`1' GROUP=`EUROPE' MAP_SCL=`1' MAX_LAT=`52' MAX_LNG=`10' MIN_LAT=`42' MIN_LNG=`-6' ORG_LAT=`46.5' ORG_LNG=`3' PARM1=`44' PARM2=`49' PROJ=`LM' QUAD=`1' SCL_RED=`1' SOURCE=`IGN Paris' UNIT=`METER' X_OFF=`700000' Y_OFF=`6600000' ZERO_X=`0.001' ZERO_Y=`0.001'
2026-02-06 16:45:05|   0.0|  0.0|STATS |Storing feature(s) to FME feature store file `C:\Users\niherman\AppData\Local\Temp\wb-cache-copy-oBtSDR\Main_batiment -1 27 -1  0  ec16c785d929e2987e567f331a820abdf1ecf8e6.ffsupdating'
2026-02-06 16:45:05|   0.0|  0.0|STATS |Storing feature(s) to FME feature store file `C:\Users\niherman\AppData\Local\Temp\wb-cache-copy-oBtSDR\Main_Reprojector -1 29 fo 0 REPROJECTED  0  111995f692798f6810d6c6753d33c16bea59f610.ffsupdating'
2026-02-06 16:45:06|   0.1|  0.1|INFORM|Reading source feature # 2500
2026-02-06 16:45:06|   0.2|  0.1|INFORM|Reading source feature # 5000
2026-02-06 16:45:06|   0.2|  0.0|INFORM|Creating reader for format: OGC CityGML
2026-02-06 16:45:06|   0.3|  0.1|INFORM|Trying to find a DYNAMIC plugin for reader named `CITYGML'
2026-02-06 16:45:06|   0.3|  0.0|INFORM|Loaded module 'CITYGML' from file 'C:\Program Files\FME\plugins/CITYGML.dll'
2026-02-06 16:45:06|   0.3|  0.0|INFORM|FME API version of module 'CITYGML' matches current internal version (3.8 20210302)
2026-02-06 16:45:06|   0.4|  0.1|INFORM|Opening the CITYGML reader with source dataset 'C:\Users\niherman\Documents\FRANCHEVILLE_2018\FRANCHEVILLE_BATI_2018.gml'
2026-02-06 16:45:06|   0.4|  0.0|INFORM|Parsing XML document 'C:\Users\niherman\Documents\FRANCHEVILLE_2018\FRANCHEVILLE_BATI_2018.gml'
2026-02-06 16:45:06|   0.4|  0.0|INFORM|The uri-map document 'C:\Program Files\FME\xml\urimap\gml_aixm.xml' is being used to map from URI to URI
2026-02-06 16:45:06|   0.4|  0.0|INFORM|The uri-map document 'C:\Program Files\FME\xml\urimap\gml_inspire.xml' is being used to map from URI to URI
2026-02-06 16:45:06|   0.4|  0.0|INFORM|The uri-map document 'C:\Program Files\FME\xml\urimap\gml_sosi.xml' is being used to map from URI to URI
2026-02-06 16:45:06|   0.4|  0.0|INFORM|The uri-map document 'C:\Program Files\FME\xml\urimap\gml_urimap.xml' is being used to map from URI to URI
2026-02-06 16:45:06|   0.4|  0.0|INFORM|The uri-map document 'C:\Program Files\FME\xml\urimap\gml_citygml.xml' is being used to map from URI to URI
2026-02-06 16:45:06|   0.4|  0.0|INFORM|CityGML Reader: Using namespace declarations in dataset to determine schemas - XML Namespace 'http://www.opengis.net/citygml/cityobjectgroup/2.0' mapped to schema 'cityObjectGroup.xsd'
2026-02-06 16:45:06|   0.4|  0.0|INFORM|CityGML Reader: Using namespace declarations in dataset to determine schemas - XML Namespace 'http://www.opengis.net/citygml/building/2.0' mapped to schema 'building.xsd'
2026-02-06 16:45:06|   0.4|  0.0|INFORM|CityGML Reader: Using namespace declarations in dataset to determine schemas - XML Namespace 'http://www.opengis.net/citygml/generics/2.0' mapped to schema 'generics.xsd'
2026-02-06 16:45:06|   0.4|  0.0|INFORM|CityGML Reader: Using namespace declarations in dataset to determine schemas - XML Namespace 'http://www.opengis.net/citygml/landuse/2.0' mapped to schema 'landUse.xsd'
2026-02-06 16:45:06|   0.4|  0.0|INFORM|CityGML Reader: Using namespace declarations in dataset to determine schemas - XML Namespace 'http://www.opengis.net/citygml/profiles/base/2.0' mapped to schema 'CityGML.xsd'
2026-02-06 16:45:06|   0.4|  0.0|INFORM|CityGML Reader: Using namespace declarations in dataset to determine schemas - XML Namespace 'http://www.opengis.net/citygml/relief/2.0' mapped to schema 'relief.xsd'
2026-02-06 16:45:06|   0.4|  0.0|INFORM|CityGML Reader: Using namespace declarations in dataset to determine schemas - XML Namespace 'http://www.opengis.net/citygml/appearance/2.0' mapped to schema 'appearance.xsd'
2026-02-06 16:45:06|   0.4|  0.0|INFORM|CityGML Reader: Using namespace declarations in dataset to determine schemas - XML Namespace 'http://www.opengis.net/citygml/texturedsurface/2.0' mapped to schema 'texturedSurface.xsd'
2026-02-06 16:45:06|   0.4|  0.0|INFORM|CityGML Reader: Using namespace declarations in dataset to determine schemas - XML Namespace 'http://www.w3.org/1999/xlink' mapped to schema 'xlink.xsd'
2026-02-06 16:45:06|   0.4|  0.0|INFORM|CityGML Reader: Using namespace declarations in dataset to determine schemas - XML Namespace 'http://www.opengis.net/citygml/vegetation/2.0' mapped to schema 'vegetation.xsd'
2026-02-06 16:45:06|   0.4|  0.0|INFORM|CityGML Reader: Using namespace declarations in dataset to determine schemas - XML Namespace 'http://www.opengis.net/citygml/2.0' mapped to schema 'cityGMLBase.xsd'
2026-02-06 16:45:06|   0.4|  0.0|INFORM|CityGML Reader: Using namespace declarations in dataset to determine schemas - XML Namespace 'http://www.opengis.net/citygml/tunnel/2.0' mapped to schema 'tunnel.xsd'
2026-02-06 16:45:06|   0.4|  0.0|INFORM|CityGML Reader: Using namespace declarations in dataset to determine schemas - XML Namespace 'http://www.opengis.net/citygml/waterbody/2.0' mapped to schema 'waterBody.xsd'
2026-02-06 16:45:06|   0.4|  0.0|INFORM|CityGML Reader: Using namespace declarations in dataset to determine schemas - XML Namespace 'http://www.opengis.net/citygml/cityfurniture/2.0' mapped to schema 'cityFurniture.xsd'
2026-02-06 16:45:06|   0.4|  0.0|INFORM|CityGML Reader: Using namespace declarations in dataset to determine schemas - XML Namespace 'http://www.opengis.net/citygml/transportation/2.0' mapped to schema 'transportation.xsd'
2026-02-06 16:45:06|   0.4|  0.0|INFORM|CityGML Reader: Using namespace declarations in dataset to determine schemas - XML Namespace 'http://www.opengis.net/citygml/bridge/2.0' mapped to schema 'bridge.xsd'
2026-02-06 16:45:06|   0.4|  0.0|INFORM|CityGML Reader: Using cached xfMap 'C:\Users\niherman\AppData\Local\Temp\GML_XFMAP_CACHE\CACHED_AUTOGEN_1770368445700_23384.xfmap'
2026-02-06 16:45:06|   0.4|  0.0|INFORM|The XML Reader is using xfMap 'C:\Users\niherman\AppData\Local\Temp\GML_XFMAP_CACHE\CACHED_AUTOGEN_1770368445700_23384.xfmap'
2026-02-06 16:45:06|   0.4|  0.0|INFORM|Parsing XML document 'C:\Users\niherman\Documents\FRANCHEVILLE_2018\FRANCHEVILLE_BATI_2018.gml'
2026-02-06 16:45:09|   1.6|  1.2|INFORM|XML Reader mapped feature # 5000  (xfMap: CityGML XFMAP auto-gen)
2026-02-06 16:45:10|   2.1|  0.5|INFORM|XML Reader mapped feature # 10000  (xfMap: CityGML XFMAP auto-gen)
2026-02-06 16:45:10|   2.5|  0.4|INFORM|XML Reader mapped feature # 15000  (xfMap: CityGML XFMAP auto-gen)
2026-02-06 16:45:11|   2.9|  0.4|INFORM|XML Reader mapped feature # 20000  (xfMap: CityGML XFMAP auto-gen)
2026-02-06 16:45:12|   3.3|  0.4|INFORM|XML Reader mapped feature # 25000  (xfMap: CityGML XFMAP auto-gen)
2026-02-06 16:45:13|   3.8|  0.5|INFORM|XML Reader mapped feature # 30000  (xfMap: CityGML XFMAP auto-gen)
2026-02-06 16:45:14|   4.3|  0.5|INFORM|XML Reader mapped feature # 35000  (xfMap: CityGML XFMAP auto-gen)
2026-02-06 16:45:14|   4.6|  0.3|INFORM|XML Reader mapped feature # 40000  (xfMap: CityGML XFMAP auto-gen)
2026-02-06 16:45:15|   5.0|  0.4|INFORM|XML Reader mapped feature # 45000  (xfMap: CityGML XFMAP auto-gen)
2026-02-06 16:45:16|   5.5|  0.5|INFORM|XML Reader mapped feature # 50000  (xfMap: CityGML XFMAP auto-gen)
2026-02-06 16:45:17|   5.9|  0.4|INFORM|XML Reader mapped feature # 55000  (xfMap: CityGML XFMAP auto-gen)
2026-02-06 16:45:18|   6.3|  0.4|INFORM|XML Reader mapped feature # 60000  (xfMap: CityGML XFMAP auto-gen)
2026-02-06 16:45:19|   6.9|  0.6|INFORM|XML Reader mapped feature # 65000  (xfMap: CityGML XFMAP auto-gen)
2026-02-06 16:45:19|   7.4|  0.5|INFORM|XML Reader mapped feature # 70000  (xfMap: CityGML XFMAP auto-gen)
2026-02-06 16:45:20|   7.9|  0.5|INFORM|FME Configuration: Source coordinate system for reader CITYGML_2[CITYGML] set to `EPSG:3946' as read from input data
2026-02-06 16:45:20|   7.9|  0.0|INFORM|Coordinate System `EPSG:3946' parameters: CS_NAME=`RGF93.CC46' DESC_NM=`RGF93 Lambert Zone 5 (New Zone/NZ 5)' DT_NAME=`RGF93' GROUP=`EUROPE' MAP_SCL=`1' MAX_LAT=`47.25' MAX_LNG=`10' MIN_LAT=`44.75' MIN_LNG=`-6' ORG_LAT=`46' ORG_LNG=`3' PARM1=`45.25' PARM2=`46.75' PROJ=`LM' QUAD=`1' SCL_RED=`1' SOURCE=`Commission des Referentiels du C.N.I.G.' UNIT=`METER' X_OFF=`1700000' Y_OFF=`5200000' ZERO_X=`0.001' ZERO_Y=`0.001'
2026-02-06 16:45:20|   7.9|  0.0|STATS |Storing feature(s) to FME feature store file `C:\Users\niherman\AppData\Local\Temp\wb-cache-copy-oBtSDR\Main_Building -1 45 -1  0  5605df3aa4baf09c467326e24c1772c9529d0bf5.ffsupdating'
2026-02-06 16:45:21|   7.9|  0.0|STATS |Storing feature(s) to FME feature store file `C:\Users\niherman\AppData\Local\Temp\wb-cache-copy-oBtSDR\Main_2DForcer_2 -1 22 fo 0 2D  0  e0ebdfb5ea6eddf90cd8f20b1e429ba911aea630.ffsupdating'
2026-02-06 16:45:22|   8.2|  0.3|INFORM|Reading source feature # 7500
2026-02-06 16:45:25|   8.7|  0.5|INFORM|Reading source feature # 10000
2026-02-06 16:45:29|   9.2|  0.5|INFORM|Reading source feature # 12500
2026-02-06 16:45:31|   9.7|  0.5|INFORM|Reading source feature # 15000
2026-02-06 16:45:34|  10.3|  0.6|INFORM|Reading source feature # 17500
2026-02-06 16:45:37|  10.8|  0.5|INFORM|Reading source feature # 20000
2026-02-06 16:45:41|  11.3|  0.5|INFORM|Reading source feature # 22500
2026-02-06 16:45:44|  11.8|  0.5|INFORM|Reading source feature # 25000
2026-02-06 16:45:47|  12.3|  0.5|INFORM|Reading source feature # 27500
2026-02-06 16:45:50|  12.8|  0.5|INFORM|Reading source feature # 30000
2026-02-06 16:45:52|  13.2|  0.4|INFORM|Reading source feature # 32500
2026-02-06 16:45:55|  13.7|  0.5|INFORM|Reading source feature # 35000
2026-02-06 16:45:58|  14.3|  0.6|INFORM|Reading source feature # 37500
2026-02-06 16:46:02|  15.1|  0.8|INFORM|Reading source feature # 40000
2026-02-06 16:46:05|  15.5|  0.4|INFORM|Reading source feature # 42500
2026-02-06 16:46:08|  15.9|  0.4|INFORM|Reading source feature # 45000
2026-02-06 16:46:11|  16.5|  0.6|INFORM|Reading source feature # 47500
2026-02-06 16:46:14|  17.2|  0.7|INFORM|Reading source feature # 50000
2026-02-06 16:46:17|  17.5|  0.3|INFORM|Reading source feature # 52500
2026-02-06 16:46:20|  18.0|  0.5|INFORM|Reading source feature # 55000
2026-02-06 16:46:23|  18.4|  0.4|INFORM|Reading source feature # 57500
2026-02-06 16:46:26|  19.0|  0.6|INFORM|Reading source feature # 60000
2026-02-06 16:46:30|  19.7|  0.7|INFORM|Reading source feature # 62500
2026-02-06 16:46:33|  20.1|  0.4|INFORM|Reading source feature # 65000
2026-02-06 16:46:37|  20.8|  0.7|INFORM|Reading source feature # 67500
2026-02-06 16:46:40|  21.1|  0.3|INFORM|Reading source feature # 70000
2026-02-06 16:46:42|  21.7|  0.6|INFORM|Reading source feature # 72500
2026-02-06 16:46:45|  22.3|  0.6|INFORM|MULTI_READER(MULTI_READER): Done reading 74719 features from 2 readers
2026-02-06 16:46:45|  22.3|  0.0|INFORM|Emptying factory pipeline
2026-02-06 16:46:45|  22.3|  0.0|STATS |Router and Unexpected Input Remover (RoutingFactory): Tested 74719 input feature(s), wrote 74719 output feature(s): 9057 matched merge filters, 9057 were routed to output, 65662 could not be routed.
2026-02-06 16:46:45|  22.3|  0.0|STATS |Unexpected Input Remover Nuker (TeeFactory): Cloned 65662 input feature(s) into 0 output feature(s)
2026-02-06 16:46:45|  22.3|  0.0|STATS |WallSurface_CITYGML_1 Splitter (TeeFactory): Cloned 0 input feature(s) into 0 output feature(s)
2026-02-06 16:46:45|  22.3|  0.0|STATS |RoofSurface_CITYGML_1 Splitter (TeeFactory): Cloned 0 input feature(s) into 0 output feature(s)
2026-02-06 16:46:45|  22.3|  0.0|STATS |GroundSurface_CITYGML_1 Splitter (TeeFactory): Cloned 0 input feature(s) into 0 output feature(s)
2026-02-06 16:46:45|  22.3|  0.0|STATS |Building_CITYGML_2 Splitter (TeeFactory): Cloned 2767 input feature(s) into 5534 output feature(s)
2026-02-06 16:46:45|  22.3|  0.0|STATS |Building_CITYGML_2_0_4iOikccc8bo= Feature Counter -1 30 (TeeFactory): Cloned 2767 input feature(s) into 2767 output feature(s)
2026-02-06 16:46:45|  22.3|  0.0|STATS |Building_CITYGML_2_1_VEhnkVDIS8E= Feature Counter -1 43 (TeeFactory): Cloned 2767 input feature(s) into 2767 output feature(s)
2026-02-06 16:46:45|  22.3|  0.0|STATS |batiment_OGCGEOPACKAGE_1 Splitter (TeeFactory): Cloned 6290 input feature(s) into 6290 output feature(s)
2026-02-06 16:46:45|  22.3|  0.0|STATS |batiment_OGCGEOPACKAGE_1 Feature Counter -1 32 (TeeFactory): Cloned 6290 input feature(s) into 6290 output feature(s)
2026-02-06 16:46:45|  22.3|  0.0|STATS |2DForcer_2 (TeeFactory): Cloned 2767 input feature(s) into 2767 output feature(s)
2026-02-06 16:46:45|  22.3|  0.0|STATS |2DForcer_2_2D Feature Counter -1 15 (TeeFactory): Cloned 2767 input feature(s) into 2767 output feature(s)
2026-02-06 16:46:45|  22.3|  0.0|STATS |Reprojector (TeeFactory): Cloned 6290 input feature(s) into 6290 output feature(s)
2026-02-06 16:46:45|  22.3|  0.0|STATS |Reprojector_REPROJECTED Feature Counter -1 31 (TeeFactory): Cloned 6290 input feature(s) into 6290 output feature(s)
2026-02-06 16:46:45|  22.3|  0.0|STATS |Storing feature(s) to FME feature store file `C:\Users\niherman\AppData\Local\Temp\wb-cache-copy-oBtSDR\Main_SpatialFilter -1 21 fo 0 PASSED  0  2a4df717d5a31a96a8172be9f9ec02e1c800406d.ffsupdating'
2026-02-06 16:46:45|  22.3|  0.0|INFORM|SpatialFilter (SpatialFilterFactory): Processed 'Candidate' 1 / 2767
2026-02-06 16:46:45|  22.3|  0.0|STATS |Storing feature(s) to FME feature store file `C:\Users\niherman\AppData\Local\Temp\wb-cache-copy-oBtSDR\Main_SpatialFilter -1 21 fo 1 FAILED  0  3a73ad0e974d7a2c039e70ad1479bc384cd4707c.ffsupdating'
2026-02-06 16:46:45|  22.5|  0.2|INFORM|SpatialFilter (SpatialFilterFactory): Processed 'Candidate' 2767 / 2767
2026-02-06 16:46:45|  22.5|  0.0|STATS |SpatialFilter (SpatialFilterFactory): Total: Processed 9057 input feature(s): 6290 'Filter' feature(s) and 2767 'Candidate' feature(s). 2721 feature(s) PASSED
2026-02-06 16:46:45|  22.5|  0.0|STATS |SpatialFilter_PASSED Feature Counter -1 34 (TeeFactory): Cloned 2721 input feature(s) into 2721 output feature(s)
2026-02-06 16:46:45|  22.5|  0.0|STATS |SpatialFilter_FAILED Feature Counter -1 2147680277 (TeeFactory): Cloned 46 input feature(s) into 0 output feature(s)
2026-02-06 16:46:45|  22.5|  0.0|STATS |SpatialFilter_<REJECTED> Feature Counter -1 2147745813 (TeeFactory): Cloned 0 input feature(s) into 0 output feature(s)
2026-02-06 16:46:45|  22.5|  0.0|STATS |SpatialFilter_<Rejected> (TeeFactory): Cloned 0 input feature(s) into 0 output feature(s)
2026-02-06 16:46:46|  23.1|  0.6|STATS |Storing feature(s) to FME feature store file `C:\Users\niherman\AppData\Local\Temp\wb-cache-copy-oBtSDR\Main_FeatureJoiner -1 33 fo 0 JOINED  0  c9e9a3c7f28c1d8c9f110f5519a4921a9b999bb4.ffsupdating'
2026-02-06 16:46:46|  23.1|  0.0|INFORM|FFS writer: Writing 2721 feature(s) to file 'C:\Users\niherman\AppData\Local\Temp\wb-cache-copy-oBtSDR\Main_FeatureJoiner -1 33 fo 0 JOINED  0  c9e9a3c7f28c1d8c9f110f5519a4921a9b999bb4.fts'
2026-02-06 16:46:47|  23.6|  0.5|INFORM|Spatial Index: Adding 2721 features
2026-02-06 16:46:48|  23.7|  0.1|INFORM|AppearanceRemover (GQueryFactory): Splitting bulk features into individual features
2026-02-06 16:46:48|  23.9|  0.2|STATS |Storing feature(s) to FME feature store file `C:\Users\niherman\AppData\Local\Temp\wb-cache-copy-oBtSDR\Main_AppearanceRemover -1 40 fo 0 OUTPUT  0  5ba6c6f1fa264a5127ecedaa63b1fb02d61e7b37.ffsupdating'
2026-02-06 16:46:48|  23.9|  0.0|STATS |Storing feature(s) to FME feature store file `C:\Users\niherman\AppData\Local\Temp\wb-cache-copy-oBtSDR\Main_Offsetter -1 28 fo 0 OFFSET  0  e9bdb54deac8ec3653bb054920d3ba15a1587e84.ffsupdating'
2026-02-06 16:46:48|  23.9|  0.0|INFORM|Creating writer for format: Cesium 3D Tiles
2026-02-06 16:46:48|  23.9|  0.0|INFORM|Trying to find a DYNAMIC plugin for writer named `CESIUM3DTILES'
2026-02-06 16:46:48|  23.9|  0.0|INFORM|Loaded module 'CESIUM3DTILES' from file 'C:\Program Files\FME\plugins/CESIUM3DTILES.dll'
2026-02-06 16:46:48|  23.9|  0.0|INFORM|FME API version of module 'CESIUM3DTILES' matches current internal version (3.8 20210302)
2026-02-06 16:46:48|  23.9|  0.0|INFORM|FME Configuration: No destination coordinate system set
2026-02-06 16:46:48|  23.9|  0.0|INFORM|FME API version of module 'CESIUM3DTILES' matches current internal version (3.8 20210302)
2026-02-06 16:46:48|  23.9|  0.0|INFORM|Writer `CESIUM3DTILES_1' of type `CESIUM3DTILES' using group definition keyword `CESIUM3DTILES_1_DEF'
2026-02-06 16:46:48|  23.9|  0.0|INFORM|FME API version of module 'CESIUM3DTILES' matches current internal version (3.8 20210302)
2026-02-06 16:46:48|  23.9|  0.0|INFORM|(CESIUM3DTILES_1) Opening a Cesium 3D Tiles writer with dataset 'C:\Users\niherman\Documents\git_3d\3D_app_M2_cesium\webpack-5\public'
2026-02-06 16:46:48|  23.9|  0.0|INFORM|CS-MAP Reprojector: Transformation will be automatically selected for 'EPSG:3946' -> 'EPSG:4978', and is not guaranteed to remain the same in future releases of FME
2026-02-06 16:46:48|  23.9|  0.0|INFORM|Reprojector: Using transformation `RGF93_to_WGS84,Forward(Null,EPSG:1671)' when reprojecting from EPSG:3946 to EPSG:4978
2026-02-06 16:46:53|  26.1|  2.2|INFORM|AppearanceRemover (GQueryFactory): Processed 2323 of 2721 features
2026-02-06 16:46:54|  26.6|  0.5|INFORM|AppearanceRemover (GQueryFactory): Processed 2721 of 2721 features
2026-02-06 16:46:54|  26.6|  0.0|STATS |Storing feature(s) to FME feature store file `C:\Users\niherman\AppData\Local\Temp\wb-cache-copy-oBtSDR\Main_FeatureJoiner -1 33 fo 2 UNJOINED_RIGHT  0  713d1b903005c7ef18e1eb9e8d9cd1714deb2452.ffsupdating'
2026-02-06 16:46:54|  26.6|  0.0|INFORM|FFS writer: Writing 46 feature(s) to file 'C:\Users\niherman\AppData\Local\Temp\wb-cache-copy-oBtSDR\Main_FeatureJoiner -1 33 fo 2 UNJOINED_RIGHT  0  713d1b903005c7ef18e1eb9e8d9cd1714deb2452.fts'
2026-02-06 16:46:54|  26.7|  0.1|INFORM|Spatial Index: Adding 46 features
2026-02-06 16:46:54|  26.7|  0.0|INFORM|AppearanceRemover (GQueryFactory): Splitting bulk features into individual features
2026-02-06 16:46:54|  26.9|  0.2|STATS |FeatureJoiner_JOINED Feature Counter -1 41 (TeeFactory): Cloned 2721 input feature(s) into 2721 output feature(s)
2026-02-06 16:46:54|  26.9|  0.0|STATS |FeatureJoiner_UNJOINED_LEFT Feature Counter -1 2147680289 (TeeFactory): Cloned 0 input feature(s) into 0 output feature(s)
2026-02-06 16:46:54|  26.9|  0.0|STATS |FeatureJoiner_UNJOINED_RIGHT Feature Counter -1 36 (TeeFactory): Cloned 46 input feature(s) into 46 output feature(s)
2026-02-06 16:46:54|  26.9|  0.0|STATS |FeatureJoiner_<REJECTED> Feature Counter -1 2147811361 (TeeFactory): Cloned 0 input feature(s) into 0 output feature(s)
2026-02-06 16:46:54|  26.9|  0.0|STATS |FeatureJoiner_<Rejected> (TeeFactory): Cloned 0 input feature(s) into 0 output feature(s)
2026-02-06 16:46:54|  26.9|  0.0|STATS |AppearanceRemover_OUTPUT Feature Counter -1 42 (TeeFactory): Cloned 2767 input feature(s) into 2767 output feature(s)
2026-02-06 16:46:54|  26.9|  0.0|STATS |AppearanceRemover_UNMATCHED Feature Counter -1 2147680296 (TeeFactory): Cloned 0 input feature(s) into 0 output feature(s)
2026-02-06 16:46:54|  26.9|  0.0|STATS |AppearanceRemover_<REJECTED> Feature Counter -1 2147745832 (TeeFactory): Cloned 0 input feature(s) into 0 output feature(s)
2026-02-06 16:46:54|  26.9|  0.0|STATS |AppearanceRemover_<Rejected> (TeeFactory): Cloned 0 input feature(s) into 0 output feature(s)
2026-02-06 16:46:54|  26.9|  0.0|STATS |Offsetter_OffsetterInput (TeeFactory): Cloned 2767 input feature(s) into 2767 output feature(s)
2026-02-06 16:46:54|  26.9|  0.0|STATS |Offsetter_Offsetter (TeeFactory): Cloned 2767 input feature(s) into 2767 output feature(s)
2026-02-06 16:46:54|  26.9|  0.0|STATS |Offsetter_Rejector (TestFactory): Tested 2767 input feature(s) -- 0 feature(s) passed and 2767 feature(s) failed
2026-02-06 16:46:54|  26.9|  0.0|STATS |Offsetter_PointCloudOffsetter (TestFactory): Tested 2767 input feature(s) -- 0 feature(s) passed and 2767 feature(s) failed
2026-02-06 16:46:54|  26.9|  0.0|STATS |Stored 6290 feature(s) to FME feature store file `C:\Users\niherman\AppData\Local\Temp\wb-cache-copy-oBtSDR\Main_batiment -1 27 -1  0  ec16c785d929e2987e567f331a820abdf1ecf8e6.ffsupdating'
2026-02-06 16:46:54|  26.9|  0.0|INFORM|Saving spatial index into file 'C:\Users\niherman\AppData\Local\Temp\wb-cache-copy-oBtSDR\Main_batiment -1 27 -1  0  ec16c785d929e2987e567f331a820abdf1ecf8e6.fsi'
2026-02-06 16:46:54|  26.9|  0.0|INFORM|Finished saving spatial index into file 'C:\Users\niherman\AppData\Local\Temp\wb-cache-copy-oBtSDR\Main_batiment -1 27 -1  0  ec16c785d929e2987e567f331a820abdf1ecf8e6.fsi'
2026-02-06 16:46:54|  26.9|  0.0|STATS |Stored 6290 feature(s) to FME feature store file `C:\Users\niherman\AppData\Local\Temp\wb-cache-copy-oBtSDR\Main_Reprojector -1 29 fo 0 REPROJECTED  0  111995f692798f6810d6c6753d33c16bea59f610.ffsupdating'
2026-02-06 16:46:54|  26.9|  0.0|INFORM|Saving spatial index into file 'C:\Users\niherman\AppData\Local\Temp\wb-cache-copy-oBtSDR\Main_Reprojector -1 29 fo 0 REPROJECTED  0  111995f692798f6810d6c6753d33c16bea59f610.fsi'
2026-02-06 16:46:54|  26.9|  0.0|INFORM|Finished saving spatial index into file 'C:\Users\niherman\AppData\Local\Temp\wb-cache-copy-oBtSDR\Main_Reprojector -1 29 fo 0 REPROJECTED  0  111995f692798f6810d6c6753d33c16bea59f610.fsi'
2026-02-06 16:47:39|  34.0|  7.1|STATS |Stored 1 feature(s) to FME feature store file `C:\Users\niherman\AppData\Local\Temp\wb-cache-copy-oBtSDR\Main_FeatureJoiner -1 33 fo 0 JOINED  0  c9e9a3c7f28c1d8c9f110f5519a4921a9b999bb4.ffsupdating'
2026-02-06 16:47:39|  34.0|  0.0|INFORM|Saving spatial index into file 'C:\Users\niherman\AppData\Local\Temp\wb-cache-copy-oBtSDR\Main_FeatureJoiner -1 33 fo 0 JOINED  0  c9e9a3c7f28c1d8c9f110f5519a4921a9b999bb4.fsi'
2026-02-06 16:47:39|  34.0|  0.0|INFORM|Finished saving spatial index into file 'C:\Users\niherman\AppData\Local\Temp\wb-cache-copy-oBtSDR\Main_FeatureJoiner -1 33 fo 0 JOINED  0  c9e9a3c7f28c1d8c9f110f5519a4921a9b999bb4.fsi'
2026-02-06 16:47:39|  34.0|  0.0|STATS |Stored 2767 feature(s) to FME feature store file `C:\Users\niherman\AppData\Local\Temp\wb-cache-copy-oBtSDR\Main_AppearanceRemover -1 40 fo 0 OUTPUT  0  5ba6c6f1fa264a5127ecedaa63b1fb02d61e7b37.ffsupdating'
2026-02-06 16:47:39|  34.0|  0.0|INFORM|Saving spatial index into file 'C:\Users\niherman\AppData\Local\Temp\wb-cache-copy-oBtSDR\Main_AppearanceRemover -1 40 fo 0 OUTPUT  0  5ba6c6f1fa264a5127ecedaa63b1fb02d61e7b37.fsi'
2026-02-06 16:47:39|  34.0|  0.0|INFORM|Finished saving spatial index into file 'C:\Users\niherman\AppData\Local\Temp\wb-cache-copy-oBtSDR\Main_AppearanceRemover -1 40 fo 0 OUTPUT  0  5ba6c6f1fa264a5127ecedaa63b1fb02d61e7b37.fsi'
2026-02-06 16:47:59|  35.3|  1.3|STATS |Stored 2767 feature(s) to FME feature store file `C:\Users\niherman\AppData\Local\Temp\wb-cache-copy-oBtSDR\Main_Building -1 45 -1  0  5605df3aa4baf09c467326e24c1772c9529d0bf5.ffsupdating'
2026-02-06 16:47:59|  35.3|  0.0|INFORM|Saving spatial index into file 'C:\Users\niherman\AppData\Local\Temp\wb-cache-copy-oBtSDR\Main_Building -1 45 -1  0  5605df3aa4baf09c467326e24c1772c9529d0bf5.fsi'
2026-02-06 16:47:59|  35.3|  0.0|INFORM|Finished saving spatial index into file 'C:\Users\niherman\AppData\Local\Temp\wb-cache-copy-oBtSDR\Main_Building -1 45 -1  0  5605df3aa4baf09c467326e24c1772c9529d0bf5.fsi'
2026-02-06 16:47:59|  35.3|  0.0|STATS |Stored 2767 feature(s) to FME feature store file `C:\Users\niherman\AppData\Local\Temp\wb-cache-copy-oBtSDR\Main_2DForcer_2 -1 22 fo 0 2D  0  e0ebdfb5ea6eddf90cd8f20b1e429ba911aea630.ffsupdating'
2026-02-06 16:47:59|  35.3|  0.0|INFORM|Saving spatial index into file 'C:\Users\niherman\AppData\Local\Temp\wb-cache-copy-oBtSDR\Main_2DForcer_2 -1 22 fo 0 2D  0  e0ebdfb5ea6eddf90cd8f20b1e429ba911aea630.fsi'
2026-02-06 16:47:59|  35.3|  0.0|INFORM|Finished saving spatial index into file 'C:\Users\niherman\AppData\Local\Temp\wb-cache-copy-oBtSDR\Main_2DForcer_2 -1 22 fo 0 2D  0  e0ebdfb5ea6eddf90cd8f20b1e429ba911aea630.fsi'
2026-02-06 16:47:59|  35.3|  0.0|STATS |Stored 46 feature(s) to FME feature store file `C:\Users\niherman\AppData\Local\Temp\wb-cache-copy-oBtSDR\Main_SpatialFilter -1 21 fo 1 FAILED  0  3a73ad0e974d7a2c039e70ad1479bc384cd4707c.ffsupdating'
2026-02-06 16:47:59|  35.3|  0.0|INFORM|Saving spatial index into file 'C:\Users\niherman\AppData\Local\Temp\wb-cache-copy-oBtSDR\Main_SpatialFilter -1 21 fo 1 FAILED  0  3a73ad0e974d7a2c039e70ad1479bc384cd4707c.fsi'
2026-02-06 16:47:59|  35.3|  0.0|INFORM|Finished saving spatial index into file 'C:\Users\niherman\AppData\Local\Temp\wb-cache-copy-oBtSDR\Main_SpatialFilter -1 21 fo 1 FAILED  0  3a73ad0e974d7a2c039e70ad1479bc384cd4707c.fsi'
2026-02-06 16:47:59|  35.3|  0.0|STATS |Stored 2721 feature(s) to FME feature store file `C:\Users\niherman\AppData\Local\Temp\wb-cache-copy-oBtSDR\Main_SpatialFilter -1 21 fo 0 PASSED  0  2a4df717d5a31a96a8172be9f9ec02e1c800406d.ffsupdating'
2026-02-06 16:47:59|  35.3|  0.0|INFORM|Saving spatial index into file 'C:\Users\niherman\AppData\Local\Temp\wb-cache-copy-oBtSDR\Main_SpatialFilter -1 21 fo 0 PASSED  0  2a4df717d5a31a96a8172be9f9ec02e1c800406d.fsi'
2026-02-06 16:47:59|  35.3|  0.0|INFORM|Finished saving spatial index into file 'C:\Users\niherman\AppData\Local\Temp\wb-cache-copy-oBtSDR\Main_SpatialFilter -1 21 fo 0 PASSED  0  2a4df717d5a31a96a8172be9f9ec02e1c800406d.fsi'
2026-02-06 16:47:59|  35.3|  0.0|STATS |Stored 2767 feature(s) to FME feature store file `C:\Users\niherman\AppData\Local\Temp\wb-cache-copy-oBtSDR\Main_Offsetter -1 28 fo 0 OFFSET  0  e9bdb54deac8ec3653bb054920d3ba15a1587e84.ffsupdating'
2026-02-06 16:47:59|  35.3|  0.0|INFORM|Saving spatial index into file 'C:\Users\niherman\AppData\Local\Temp\wb-cache-copy-oBtSDR\Main_Offsetter -1 28 fo 0 OFFSET  0  e9bdb54deac8ec3653bb054920d3ba15a1587e84.fsi'
2026-02-06 16:47:59|  35.3|  0.0|INFORM|Finished saving spatial index into file 'C:\Users\niherman\AppData\Local\Temp\wb-cache-copy-oBtSDR\Main_Offsetter -1 28 fo 0 OFFSET  0  e9bdb54deac8ec3653bb054920d3ba15a1587e84.fsi'
2026-02-06 16:47:59|  35.4|  0.1|STATS |Stored 1 feature(s) to FME feature store file `C:\Users\niherman\AppData\Local\Temp\wb-cache-copy-oBtSDR\Main_FeatureJoiner -1 33 fo 2 UNJOINED_RIGHT  0  713d1b903005c7ef18e1eb9e8d9cd1714deb2452.ffsupdating'
2026-02-06 16:47:59|  35.4|  0.0|INFORM|Saving spatial index into file 'C:\Users\niherman\AppData\Local\Temp\wb-cache-copy-oBtSDR\Main_FeatureJoiner -1 33 fo 2 UNJOINED_RIGHT  0  713d1b903005c7ef18e1eb9e8d9cd1714deb2452.fsi'
2026-02-06 16:47:59|  35.4|  0.0|INFORM|Finished saving spatial index into file 'C:\Users\niherman\AppData\Local\Temp\wb-cache-copy-oBtSDR\Main_FeatureJoiner -1 33 fo 2 UNJOINED_RIGHT  0  713d1b903005c7ef18e1eb9e8d9cd1714deb2452.fsi'
2026-02-06 16:47:59|  35.4|  0.0|STATS |Offsetter_OFFSET Feature Counter -1 39 (TeeFactory): Cloned 2767 input feature(s) into 2767 output feature(s)
2026-02-06 16:47:59|  35.4|  0.0|STATS |Offsetter_<REJECTED> Feature Counter -1 2147680284 (TeeFactory): Cloned 0 input feature(s) into 0 output feature(s)
2026-02-06 16:47:59|  35.4|  0.0|STATS |Offsetter_<Rejected> (TeeFactory): Cloned 0 input feature(s) into 0 output feature(s)
2026-02-06 16:47:59|  35.4|  0.0|STATS |Destination Feature Type Routing Correlator (RoutingFactory): Tested 2767 input feature(s), wrote 2767 output feature(s): 0 matched merge filters, 2767 were routed to output, 0 could not be routed.
2026-02-06 16:47:59|  35.4|  0.0|STATS |Final Output Nuker (TeeFactory): Cloned 0 input feature(s) into 0 output feature(s)
2026-02-06 16:47:59|  35.4|  0.0|INFORM|(CESIUM3DTILES_1) Closing the Cesium 3D Tiles writer with dataset 'C:\Users\niherman\Documents\git_3d\3D_app_M2_cesium\webpack-5\public'
2026-02-06 16:47:59|  35.4|  0.0|INFORM|(CESIUM3DTILES_1) Finishing writing 3D tileset for feature type 'output_francheville_batie'
2026-02-06 16:47:59|  35.4|  0.0|INFORM|Creating writer for format: Cesium Batched 3D Model (B3DM)
2026-02-06 16:47:59|  35.4|  0.0|INFORM|Trying to find a DYNAMIC plugin for writer named `B3DM'
2026-02-06 16:47:59|  35.4|  0.0|INFORM|Loaded module 'B3DM' from file 'C:\Program Files\FME\plugins/GLTF.dll'
2026-02-06 16:47:59|  35.4|  0.0|INFORM|FME API version of module 'B3DM' matches current internal version (3.8 20210302)
2026-02-06 16:47:59|  35.4|  0.0|INFORM|FME Configuration: No destination coordinate system set
2026-02-06 16:47:59|  35.4|  0.0|INFORM|FME API version of module 'B3DM' matches current internal version (3.8 20210302)
2026-02-06 16:47:59|  35.4|  0.0|INFORM|FME API version of module 'B3DM' matches current internal version (3.8 20210302)
2026-02-06 16:47:59|  35.4|  0.0|INFORM|(W_2) Opening a b3dm writer with dataset 'C:\Users\niherman\Documents\git_3d\3D_app_M2_cesium\webpack-5\public\output_francheville_batie\data'
2026-02-06 16:47:59|  35.4|  0.0|INFORM|FME Configuration: Destination coordinate system set to input coordinate system `EPSG:3946'
2026-02-06 16:48:00|  35.5|  0.1|INFORM|=-=-=-=-=-=-=-=-=-=-=-=-=-=-=-=-=-=-=-=-=-=-=-=-=-=-=-=-=-=-=-=-=-=-=-=-=-=-=-
2026-02-06 16:48:00|  35.5|  0.0|INFORM|Feature output statistics for `CESIUM3DTILES' writer using keyword `CESIUM3DTILES_1':
2026-02-06 16:48:00|  35.5|  0.0|STATS |=-=-=-=-=-=-=-=-=-=-=-=-=-=-=-=-=-=-=-=-=-=-=-=-=-=-=-=-=-=-=-=-=-=-=-=-=-=-=-
2026-02-06 16:48:00|  35.5|  0.0|STATS |                               Features Written
2026-02-06 16:48:00|  35.5|  0.0|STATS |=-=-=-=-=-=-=-=-=-=-=-=-=-=-=-=-=-=-=-=-=-=-=-=-=-=-=-=-=-=-=-=-=-=-=-=-=-=-=-
2026-02-06 16:48:00|  35.5|  0.0|STATS |output_francheville_batie                                                 2767
2026-02-06 16:48:00|  35.5|  0.0|STATS |==============================================================================
2026-02-06 16:48:00|  35.5|  0.0|STATS |Total Features Written                                                    2767
2026-02-06 16:48:00|  35.5|  0.0|STATS |=-=-=-=-=-=-=-=-=-=-=-=-=-=-=-=-=-=-=-=-=-=-=-=-=-=-=-=-=-=-=-=-=-=-=-=-=-=-=-
2026-02-06 16:48:00|  35.5|  0.0|STATS |=-=-=-=-=-=-=-=-=-=-=-=-=-=-=-=-=-=-=-=-=-=-=-=-=-=-=-=-=-=-=-=-=-=-=-=-=-=-=-
2026-02-06 16:48:00|  35.5|  0.0|STATS |                            Features Read Summary
2026-02-06 16:48:00|  35.5|  0.0|STATS |=-=-=-=-=-=-=-=-=-=-=-=-=-=-=-=-=-=-=-=-=-=-=-=-=-=-=-=-=-=-=-=-=-=-=-=-=-=-=-
2026-02-06 16:48:00|  35.5|  0.0|STATS |Building                                                                  2767
2026-02-06 16:48:00|  35.5|  0.0|STATS |CityModel                                                                    1
2026-02-06 16:48:00|  35.5|  0.0|STATS |GroundSurface                                                             3873
2026-02-06 16:48:00|  35.5|  0.0|STATS |RoofSurface                                                              20730
2026-02-06 16:48:00|  35.5|  0.0|STATS |WallSurface                                                              41058
2026-02-06 16:48:00|  35.5|  0.0|STATS |batiment                                                                  6290
2026-02-06 16:48:00|  35.5|  0.0|STATS |==============================================================================
2026-02-06 16:48:00|  35.5|  0.0|STATS |Total Features Read                                                      74719
2026-02-06 16:48:00|  35.5|  0.0|STATS |=-=-=-=-=-=-=-=-=-=-=-=-=-=-=-=-=-=-=-=-=-=-=-=-=-=-=-=-=-=-=-=-=-=-=-=-=-=-=-
2026-02-06 16:48:00|  35.5|  0.0|STATS |=-=-=-=-=-=-=-=-=-=-=-=-=-=-=-=-=-=-=-=-=-=-=-=-=-=-=-=-=-=-=-=-=-=-=-=-=-=-=-
2026-02-06 16:48:00|  35.5|  0.0|STATS |                           Features Written Summary
2026-02-06 16:48:00|  35.5|  0.0|STATS |=-=-=-=-=-=-=-=-=-=-=-=-=-=-=-=-=-=-=-=-=-=-=-=-=-=-=-=-=-=-=-=-=-=-=-=-=-=-=-
2026-02-06 16:48:00|  35.5|  0.0|STATS |output_francheville_batie                                                 2767
2026-02-06 16:48:00|  35.5|  0.0|STATS |==============================================================================
2026-02-06 16:48:00|  35.5|  0.0|STATS |Total Features Written                                                    2767
2026-02-06 16:48:00|  35.5|  0.0|STATS |=-=-=-=-=-=-=-=-=-=-=-=-=-=-=-=-=-=-=-=-=-=-=-=-=-=-=-=-=-=-=-=-=-=-=-=-=-=-=-
2026-02-06 16:48:00|  35.5|  0.0|WARN  |-~-~-~-~-~-~-~-~-~-~-~-~-~-~-~-~-~-~-~-~-~-~-~-~-~-~-~-~-~-~-~-~-~-~-~-~-~-~-~-~-
2026-02-06 16:48:00|  35.5|  0.0|WARN  |-~                                                                             ~-
2026-02-06 16:48:00|  35.5|  0.0|WARN  |-~    Feature caches have been recorded at every stage of the translation.     ~-
2026-02-06 16:48:00|  35.5|  0.0|WARN  |-~                      To inspect the recorded features,                      ~-
2026-02-06 16:48:00|  35.5|  0.0|WARN  |-~              click the feature cache icons next to the ports.               ~-
2026-02-06 16:48:00|  35.5|  0.0|WARN  |-~                                                                             ~-
2026-02-06 16:48:00|  35.5|  0.0|WARN  |-~-~-~-~-~-~-~-~-~-~-~-~-~-~-~-~-~-~-~-~-~-~-~-~-~-~-~-~-~-~-~-~-~-~-~-~-~-~-~-~-
2026-02-06 16:48:00|  35.5|  0.0|INFORM|Translation was SUCCESSFUL with 7 warning(s) (2767 feature(s) output)
2026-02-06 16:48:04|  37.6|  2.1|INFORM|FME Session Duration: 2 minutes 59.2 seconds. (CPU: 26.5s user, 11.1s system)
2026-02-06 16:48:04|  37.6|  0.0|INFORM|END - ProcessID: 24276, peak process memory usage: 4864472 kB, current process memory usage: 171968 kB
